{"C:\\Users\\IBM_ADMIN\\Documents\\Miguel\\GameHouse\\gamehouseShoppingList\\gamehouse\\modules\\cart.js":{"path":"C:\\Users\\IBM_ADMIN\\Documents\\Miguel\\GameHouse\\gamehouseShoppingList\\gamehouse\\modules\\cart.js","s":{"1":1,"2":1,"3":1,"4":1,"5":1,"6":1,"7":1,"8":1,"9":1,"10":1,"11":1,"12":1,"13":2,"14":2,"15":2,"16":2,"17":2,"18":2,"19":2,"20":0,"21":2,"22":2,"23":0,"24":2,"25":2,"26":1,"27":1,"28":1,"29":1,"30":1,"31":1,"32":0,"33":1,"34":0,"35":1,"36":1,"37":1,"38":1,"39":1,"40":0,"41":1,"42":0,"43":1,"44":1,"45":1,"46":1,"47":1,"48":1,"49":1,"50":1,"51":1,"52":1,"53":1,"54":1,"55":1,"56":1,"57":1,"58":1,"59":1,"60":1,"61":1,"62":1,"63":1,"64":1,"65":0,"66":1,"67":1,"68":1,"69":1,"70":2,"71":2,"72":2,"73":0,"74":0,"75":0,"76":0,"77":0,"78":0,"79":0,"80":2,"81":2,"82":1,"83":1,"84":2,"85":2,"86":2,"87":2,"88":2,"89":0,"90":2,"91":1,"92":0,"93":0,"94":0,"95":0,"96":0,"97":0,"98":0,"99":0,"100":0,"101":0,"102":0,"103":0,"104":1,"105":0,"106":0,"107":0,"108":0,"109":0,"110":0,"111":0,"112":0,"113":1,"114":0,"115":0,"116":0,"117":0,"118":0,"119":0,"120":0,"121":1,"122":0,"123":0,"124":0,"125":0,"126":0,"127":0,"128":0,"129":0,"130":0,"131":0,"132":0,"133":0,"134":0,"135":0,"136":0,"137":0,"138":1,"139":1,"140":1,"141":1,"142":1,"143":1},"b":{"1":[0,2],"2":[0,2],"3":[1,0],"4":[0,1],"5":[1,0],"6":[0,1],"7":[1,0],"8":[0,0],"9":[0,0],"10":[0,0],"11":[0,0],"12":[1,0],"13":[0,2],"14":[0,0],"15":[0,0],"16":[0,0],"17":[0,0],"18":[0,0],"19":[0,0],"20":[0,1],"21":[0,0],"22":[0,0],"23":[1,0],"24":[1,0],"25":[0,1]},"f":{"1":1,"2":2,"3":2,"4":1,"5":1,"6":1,"7":1,"8":1,"9":1,"10":1,"11":1,"12":2,"13":0,"14":1,"15":2,"16":0,"17":0,"18":0,"19":0,"20":0,"21":0,"22":0,"23":0,"24":0,"25":0,"26":0,"27":0,"28":0,"29":1},"fnMap":{"1":{"name":"cart","line":10,"loc":{"start":{"line":10,"column":17},"end":{"line":10,"column":42}}},"2":{"name":"(anonymous_2)","line":27,"loc":{"start":{"line":27,"column":36},"end":{"line":27,"column":55}}},"3":{"name":"(anonymous_3)","line":43,"loc":{"start":{"line":43,"column":15},"end":{"line":43,"column":33}}},"4":{"name":"(anonymous_4)","line":58,"loc":{"start":{"line":58,"column":4},"end":{"line":58,"column":23}}},"5":{"name":"(anonymous_5)","line":63,"loc":{"start":{"line":63,"column":42},"end":{"line":63,"column":59}}},"6":{"name":"do_product","line":70,"loc":{"start":{"line":70,"column":6},"end":{"line":70,"column":34}}},"7":{"name":"(anonymous_7)","line":74,"loc":{"start":{"line":74,"column":45},"end":{"line":74,"column":66}}},"8":{"name":"do_add","line":81,"loc":{"start":{"line":81,"column":8},"end":{"line":81,"column":33}}},"9":{"name":"(anonymous_9)","line":89,"loc":{"start":{"line":89,"column":74},"end":{"line":89,"column":87}}},"10":{"name":"(anonymous_10)","line":115,"loc":{"start":{"line":115,"column":42},"end":{"line":115,"column":61}}},"11":{"name":"(anonymous_11)","line":121,"loc":{"start":{"line":121,"column":41},"end":{"line":121,"column":56}}},"12":{"name":"(anonymous_12)","line":137,"loc":{"start":{"line":137,"column":40},"end":{"line":137,"column":59}}},"13":{"name":"(anonymous_13)","line":141,"loc":{"start":{"line":141,"column":37},"end":{"line":141,"column":50}}},"14":{"name":"(anonymous_14)","line":157,"loc":{"start":{"line":157,"column":25},"end":{"line":157,"column":40}}},"15":{"name":"(anonymous_15)","line":167,"loc":{"start":{"line":167,"column":15},"end":{"line":167,"column":33}}},"16":{"name":"(anonymous_16)","line":176,"loc":{"start":{"line":176,"column":37},"end":{"line":176,"column":56}}},"17":{"name":"(anonymous_17)","line":181,"loc":{"start":{"line":181,"column":36},"end":{"line":181,"column":57}}},"18":{"name":"(anonymous_18)","line":187,"loc":{"start":{"line":187,"column":59},"end":{"line":187,"column":80}}},"19":{"name":"(anonymous_19)","line":201,"loc":{"start":{"line":201,"column":45},"end":{"line":201,"column":64}}},"20":{"name":"(anonymous_20)","line":204,"loc":{"start":{"line":204,"column":23},"end":{"line":204,"column":43}}},"21":{"name":"(anonymous_21)","line":205,"loc":{"start":{"line":205,"column":20},"end":{"line":205,"column":34}}},"22":{"name":"(anonymous_22)","line":217,"loc":{"start":{"line":217,"column":41},"end":{"line":217,"column":60}}},"23":{"name":"(anonymous_23)","line":219,"loc":{"start":{"line":219,"column":28},"end":{"line":219,"column":54}}},"24":{"name":"(anonymous_24)","line":221,"loc":{"start":{"line":221,"column":55},"end":{"line":221,"column":74}}},"25":{"name":"(anonymous_25)","line":225,"loc":{"start":{"line":225,"column":70},"end":{"line":225,"column":91}}},"26":{"name":"(anonymous_26)","line":235,"loc":{"start":{"line":235,"column":42},"end":{"line":235,"column":59}}},"27":{"name":"(anonymous_27)","line":243,"loc":{"start":{"line":243,"column":27},"end":{"line":243,"column":42}}},"28":{"name":"(anonymous_28)","line":256,"loc":{"start":{"line":256,"column":18},"end":{"line":256,"column":36}}},"29":{"name":"(anonymous_29)","line":287,"loc":{"start":{"line":287,"column":24},"end":{"line":287,"column":46}}}},"statementMap":{"1":{"start":{"line":4,"column":0},"end":{"line":4,"column":31}},"2":{"start":{"line":5,"column":0},"end":{"line":5,"column":24}},"3":{"start":{"line":6,"column":0},"end":{"line":6,"column":39}},"4":{"start":{"line":8,"column":0},"end":{"line":8,"column":46}},"5":{"start":{"line":10,"column":0},"end":{"line":299,"column":1}},"6":{"start":{"line":11,"column":2},"end":{"line":11,"column":19}},"7":{"start":{"line":13,"column":2},"end":{"line":17,"column":12}},"8":{"start":{"line":19,"column":2},"end":{"line":19,"column":45}},"9":{"start":{"line":20,"column":2},"end":{"line":20,"column":48}},"10":{"start":{"line":22,"column":2},"end":{"line":22,"column":19}},"11":{"start":{"line":23,"column":2},"end":{"line":23,"column":29}},"12":{"start":{"line":27,"column":2},"end":{"line":48,"column":4}},"13":{"start":{"line":28,"column":4},"end":{"line":28,"column":21}},"14":{"start":{"line":30,"column":4},"end":{"line":30,"column":31}},"15":{"start":{"line":31,"column":4},"end":{"line":31,"column":45}},"16":{"start":{"line":32,"column":4},"end":{"line":32,"column":21}},"17":{"start":{"line":33,"column":4},"end":{"line":33,"column":18}},"18":{"start":{"line":34,"column":4},"end":{"line":34,"column":24}},"19":{"start":{"line":35,"column":4},"end":{"line":37,"column":5}},"20":{"start":{"line":36,"column":6},"end":{"line":36,"column":31}},"21":{"start":{"line":43,"column":4},"end":{"line":47,"column":6}},"22":{"start":{"line":44,"column":6},"end":{"line":44,"column":33}},"23":{"start":{"line":44,"column":16},"end":{"line":44,"column":33}},"24":{"start":{"line":45,"column":6},"end":{"line":45,"column":40}},"25":{"start":{"line":46,"column":6},"end":{"line":46,"column":28}},"26":{"start":{"line":55,"column":2},"end":{"line":110,"column":6}},"27":{"start":{"line":59,"column":6},"end":{"line":59,"column":23}},"28":{"start":{"line":61,"column":6},"end":{"line":61,"column":26}},"29":{"start":{"line":62,"column":6},"end":{"line":68,"column":27}},"30":{"start":{"line":63,"column":8},"end":{"line":66,"column":10}},"31":{"start":{"line":64,"column":10},"end":{"line":64,"column":37}},"32":{"start":{"line":64,"column":20},"end":{"line":64,"column":37}},"33":{"start":{"line":65,"column":10},"end":{"line":65,"column":30}},"34":{"start":{"line":68,"column":11},"end":{"line":68,"column":27}},"35":{"start":{"line":70,"column":6},"end":{"line":109,"column":7}},"36":{"start":{"line":71,"column":8},"end":{"line":71,"column":34}},"37":{"start":{"line":73,"column":8},"end":{"line":79,"column":29}},"38":{"start":{"line":74,"column":10},"end":{"line":77,"column":12}},"39":{"start":{"line":75,"column":12},"end":{"line":75,"column":39}},"40":{"start":{"line":75,"column":22},"end":{"line":75,"column":39}},"41":{"start":{"line":76,"column":12},"end":{"line":76,"column":27}},"42":{"start":{"line":79,"column":13},"end":{"line":79,"column":29}},"43":{"start":{"line":81,"column":8},"end":{"line":108,"column":9}},"44":{"start":{"line":82,"column":10},"end":{"line":82,"column":55}},"45":{"start":{"line":85,"column":10},"end":{"line":85,"column":75}},"46":{"start":{"line":86,"column":10},"end":{"line":86,"column":28}},"47":{"start":{"line":89,"column":10},"end":{"line":91,"column":12}},"48":{"start":{"line":90,"column":12},"end":{"line":90,"column":22}},"49":{"start":{"line":94,"column":10},"end":{"line":94,"column":26}},"50":{"start":{"line":95,"column":10},"end":{"line":95,"column":32}},"51":{"start":{"line":98,"column":10},"end":{"line":98,"column":31}},"52":{"start":{"line":99,"column":10},"end":{"line":99,"column":70}},"53":{"start":{"line":101,"column":10},"end":{"line":101,"column":55}},"54":{"start":{"line":102,"column":10},"end":{"line":102,"column":34}},"55":{"start":{"line":105,"column":10},"end":{"line":105,"column":58}},"56":{"start":{"line":107,"column":10},"end":{"line":107,"column":65}},"57":{"start":{"line":115,"column":2},"end":{"line":135,"column":4}},"58":{"start":{"line":116,"column":4},"end":{"line":116,"column":21}},"59":{"start":{"line":118,"column":4},"end":{"line":118,"column":24}},"60":{"start":{"line":120,"column":4},"end":{"line":120,"column":21}},"61":{"start":{"line":121,"column":4},"end":{"line":127,"column":6}},"62":{"start":{"line":122,"column":6},"end":{"line":126,"column":22}},"63":{"start":{"line":123,"column":8},"end":{"line":123,"column":29}},"64":{"start":{"line":124,"column":8},"end":{"line":124,"column":20}},"65":{"start":{"line":126,"column":11},"end":{"line":126,"column":22}},"66":{"start":{"line":129,"column":4},"end":{"line":129,"column":78}},"67":{"start":{"line":132,"column":4},"end":{"line":132,"column":64}},"68":{"start":{"line":134,"column":4},"end":{"line":134,"column":59}},"69":{"start":{"line":137,"column":2},"end":{"line":171,"column":4}},"70":{"start":{"line":138,"column":4},"end":{"line":138,"column":21}},"71":{"start":{"line":139,"column":4},"end":{"line":139,"column":24}},"72":{"start":{"line":141,"column":4},"end":{"line":154,"column":6}},"73":{"start":{"line":142,"column":6},"end":{"line":153,"column":7}},"74":{"start":{"line":143,"column":8},"end":{"line":143,"column":38}},"75":{"start":{"line":145,"column":11},"end":{"line":153,"column":7}},"76":{"start":{"line":146,"column":8},"end":{"line":146,"column":16}},"77":{"start":{"line":148,"column":11},"end":{"line":153,"column":7}},"78":{"start":{"line":149,"column":8},"end":{"line":149,"column":17}},"79":{"start":{"line":152,"column":8},"end":{"line":152,"column":16}},"80":{"start":{"line":156,"column":4},"end":{"line":156,"column":17}},"81":{"start":{"line":157,"column":4},"end":{"line":161,"column":6}},"82":{"start":{"line":158,"column":6},"end":{"line":160,"column":7}},"83":{"start":{"line":159,"column":8},"end":{"line":159,"column":26}},"84":{"start":{"line":162,"column":4},"end":{"line":162,"column":22}},"85":{"start":{"line":164,"column":4},"end":{"line":164,"column":92}},"86":{"start":{"line":166,"column":4},"end":{"line":166,"column":30}},"87":{"start":{"line":167,"column":4},"end":{"line":170,"column":6}},"88":{"start":{"line":168,"column":6},"end":{"line":168,"column":33}},"89":{"start":{"line":168,"column":16},"end":{"line":168,"column":33}},"90":{"start":{"line":169,"column":6},"end":{"line":169,"column":28}},"91":{"start":{"line":176,"column":2},"end":{"line":198,"column":2}},"92":{"start":{"line":177,"column":4},"end":{"line":177,"column":34}},"93":{"start":{"line":178,"column":4},"end":{"line":178,"column":12}},"94":{"start":{"line":180,"column":4},"end":{"line":197,"column":3}},"95":{"start":{"line":181,"column":6},"end":{"line":184,"column":8}},"96":{"start":{"line":182,"column":8},"end":{"line":182,"column":45}},"97":{"start":{"line":183,"column":8},"end":{"line":183,"column":30}},"98":{"start":{"line":186,"column":6},"end":{"line":196,"column":7}},"99":{"start":{"line":187,"column":8},"end":{"line":193,"column":10}},"100":{"start":{"line":188,"column":8},"end":{"line":192,"column":9}},"101":{"start":{"line":189,"column":10},"end":{"line":189,"column":37}},"102":{"start":{"line":191,"column":10},"end":{"line":191,"column":76}},"103":{"start":{"line":195,"column":8},"end":{"line":195,"column":40}},"104":{"start":{"line":201,"column":2},"end":{"line":213,"column":5}},"105":{"start":{"line":202,"column":4},"end":{"line":202,"column":26}},"106":{"start":{"line":203,"column":4},"end":{"line":203,"column":38}},"107":{"start":{"line":204,"column":4},"end":{"line":212,"column":7}},"108":{"start":{"line":205,"column":6},"end":{"line":210,"column":8}},"109":{"start":{"line":206,"column":8},"end":{"line":208,"column":9}},"110":{"start":{"line":207,"column":10},"end":{"line":207,"column":28}},"111":{"start":{"line":209,"column":8},"end":{"line":209,"column":57}},"112":{"start":{"line":211,"column":6},"end":{"line":211,"column":108}},"113":{"start":{"line":217,"column":2},"end":{"line":232,"column":4}},"114":{"start":{"line":218,"column":4},"end":{"line":218,"column":20}},"115":{"start":{"line":219,"column":4},"end":{"line":231,"column":4}},"116":{"start":{"line":221,"column":4},"end":{"line":230,"column":6}},"117":{"start":{"line":222,"column":6},"end":{"line":228,"column":7}},"118":{"start":{"line":223,"column":9},"end":{"line":223,"column":59}},"119":{"start":{"line":225,"column":8},"end":{"line":227,"column":10}},"120":{"start":{"line":226,"column":10},"end":{"line":226,"column":62}},"121":{"start":{"line":234,"column":2},"end":{"line":261,"column":3}},"122":{"start":{"line":235,"column":4},"end":{"line":260,"column":6}},"123":{"start":{"line":236,"column":6},"end":{"line":236,"column":23}},"124":{"start":{"line":238,"column":6},"end":{"line":238,"column":26}},"125":{"start":{"line":240,"column":6},"end":{"line":240,"column":19}},"126":{"start":{"line":241,"column":6},"end":{"line":241,"column":25}},"127":{"start":{"line":242,"column":6},"end":{"line":242,"column":39}},"128":{"start":{"line":243,"column":6},"end":{"line":250,"column":8}},"129":{"start":{"line":244,"column":8},"end":{"line":249,"column":9}},"130":{"start":{"line":245,"column":10},"end":{"line":245,"column":38}},"131":{"start":{"line":248,"column":10},"end":{"line":248,"column":32}},"132":{"start":{"line":251,"column":6},"end":{"line":253,"column":7}},"133":{"start":{"line":252,"column":8},"end":{"line":252,"column":39}},"134":{"start":{"line":255,"column":6},"end":{"line":255,"column":31}},"135":{"start":{"line":256,"column":6},"end":{"line":259,"column":8}},"136":{"start":{"line":257,"column":8},"end":{"line":257,"column":63}},"137":{"start":{"line":258,"column":8},"end":{"line":258,"column":30}},"138":{"start":{"line":265,"column":2},"end":{"line":273,"column":4}},"139":{"start":{"line":275,"column":2},"end":{"line":285,"column":5}},"140":{"start":{"line":287,"column":2},"end":{"line":294,"column":4}},"141":{"start":{"line":288,"column":4},"end":{"line":291,"column":7}},"142":{"start":{"line":293,"column":4},"end":{"line":293,"column":10}},"143":{"start":{"line":296,"column":2},"end":{"line":298,"column":3}}},"branchMap":{"1":{"line":35,"type":"if","locations":[{"start":{"line":35,"column":4},"end":{"line":35,"column":4}},{"start":{"line":35,"column":4},"end":{"line":35,"column":4}}]},"2":{"line":44,"type":"if","locations":[{"start":{"line":44,"column":6},"end":{"line":44,"column":6}},{"start":{"line":44,"column":6},"end":{"line":44,"column":6}}]},"3":{"line":62,"type":"if","locations":[{"start":{"line":62,"column":6},"end":{"line":62,"column":6}},{"start":{"line":62,"column":6},"end":{"line":62,"column":6}}]},"4":{"line":64,"type":"if","locations":[{"start":{"line":64,"column":10},"end":{"line":64,"column":10}},{"start":{"line":64,"column":10},"end":{"line":64,"column":10}}]},"5":{"line":73,"type":"if","locations":[{"start":{"line":73,"column":8},"end":{"line":73,"column":8}},{"start":{"line":73,"column":8},"end":{"line":73,"column":8}}]},"6":{"line":75,"type":"if","locations":[{"start":{"line":75,"column":12},"end":{"line":75,"column":12}},{"start":{"line":75,"column":12},"end":{"line":75,"column":12}}]},"7":{"line":122,"type":"if","locations":[{"start":{"line":122,"column":6},"end":{"line":122,"column":6}},{"start":{"line":122,"column":6},"end":{"line":122,"column":6}}]},"8":{"line":142,"type":"if","locations":[{"start":{"line":142,"column":6},"end":{"line":142,"column":6}},{"start":{"line":142,"column":6},"end":{"line":142,"column":6}}]},"9":{"line":142,"type":"binary-expr","locations":[{"start":{"line":142,"column":10},"end":{"line":142,"column":20}},{"start":{"line":142,"column":24},"end":{"line":142,"column":34}}]},"10":{"line":145,"type":"if","locations":[{"start":{"line":145,"column":11},"end":{"line":145,"column":11}},{"start":{"line":145,"column":11},"end":{"line":145,"column":11}}]},"11":{"line":148,"type":"if","locations":[{"start":{"line":148,"column":11},"end":{"line":148,"column":11}},{"start":{"line":148,"column":11},"end":{"line":148,"column":11}}]},"12":{"line":158,"type":"if","locations":[{"start":{"line":158,"column":6},"end":{"line":158,"column":6}},{"start":{"line":158,"column":6},"end":{"line":158,"column":6}}]},"13":{"line":168,"type":"if","locations":[{"start":{"line":168,"column":6},"end":{"line":168,"column":6}},{"start":{"line":168,"column":6},"end":{"line":168,"column":6}}]},"14":{"line":180,"type":"if","locations":[{"start":{"line":180,"column":4},"end":{"line":180,"column":4}},{"start":{"line":180,"column":4},"end":{"line":180,"column":4}}]},"15":{"line":182,"type":"cond-expr","locations":[{"start":{"line":182,"column":30},"end":{"line":182,"column":39}},{"start":{"line":182,"column":40},"end":{"line":182,"column":44}}]},"16":{"line":186,"type":"if","locations":[{"start":{"line":186,"column":6},"end":{"line":186,"column":6}},{"start":{"line":186,"column":6},"end":{"line":186,"column":6}}]},"17":{"line":188,"type":"if","locations":[{"start":{"line":188,"column":8},"end":{"line":188,"column":8}},{"start":{"line":188,"column":8},"end":{"line":188,"column":8}}]},"18":{"line":206,"type":"if","locations":[{"start":{"line":206,"column":8},"end":{"line":206,"column":8}},{"start":{"line":206,"column":8},"end":{"line":206,"column":8}}]},"19":{"line":222,"type":"if","locations":[{"start":{"line":222,"column":6},"end":{"line":222,"column":6}},{"start":{"line":222,"column":6},"end":{"line":222,"column":6}}]},"20":{"line":234,"type":"if","locations":[{"start":{"line":234,"column":2},"end":{"line":234,"column":2}},{"start":{"line":234,"column":2},"end":{"line":234,"column":2}}]},"21":{"line":242,"type":"binary-expr","locations":[{"start":{"line":242,"column":21},"end":{"line":242,"column":33}},{"start":{"line":242,"column":37},"end":{"line":242,"column":39}}]},"22":{"line":244,"type":"if","locations":[{"start":{"line":244,"column":8},"end":{"line":244,"column":8}},{"start":{"line":244,"column":8},"end":{"line":244,"column":8}}]},"23":{"line":279,"type":"cond-expr","locations":[{"start":{"line":279,"column":49},"end":{"line":279,"column":69}},{"start":{"line":279,"column":70},"end":{"line":279,"column":74}}]},"24":{"line":280,"type":"cond-expr","locations":[{"start":{"line":280,"column":52},"end":{"line":280,"column":75}},{"start":{"line":280,"column":76},"end":{"line":280,"column":80}}]},"25":{"line":283,"type":"cond-expr","locations":[{"start":{"line":283,"column":50},"end":{"line":283,"column":75}},{"start":{"line":283,"column":76},"end":{"line":283,"column":80}}]}}},"C:\\Users\\IBM_ADMIN\\Documents\\Miguel\\GameHouse\\gamehouseShoppingList\\gamehouse\\socketServer.js":{"path":"C:\\Users\\IBM_ADMIN\\Documents\\Miguel\\GameHouse\\gamehouseShoppingList\\gamehouse\\socketServer.js","s":{"1":1,"2":1,"3":0,"4":0,"5":0,"6":0,"7":0,"8":0,"9":0,"10":0,"11":0,"12":0,"13":0,"14":0,"15":0,"16":0,"17":0,"18":0,"19":0,"20":0,"21":0,"22":0,"23":0,"24":0,"25":0,"26":0,"27":0,"28":0,"29":0,"30":2,"31":2,"32":0,"33":0,"34":0,"35":0,"36":0,"37":0,"38":1,"39":1},"b":{"1":[0,0],"2":[0,0],"3":[0,2]},"f":{"1":1,"2":0,"3":0,"4":0,"5":0,"6":0,"7":0,"8":0,"9":0,"10":2,"11":0},"fnMap":{"1":{"name":"(anonymous_1)","line":3,"loc":{"start":{"line":3,"column":19},"end":{"line":3,"column":30}}},"2":{"name":"(anonymous_2)","line":14,"loc":{"start":{"line":14,"column":19},"end":{"line":14,"column":34}}},"3":{"name":"(anonymous_3)","line":15,"loc":{"start":{"line":15,"column":33},"end":{"line":15,"column":47}}},"4":{"name":"(anonymous_4)","line":19,"loc":{"start":{"line":19,"column":25},"end":{"line":19,"column":36}}},"5":{"name":"(anonymous_5)","line":22,"loc":{"start":{"line":22,"column":40},"end":{"line":22,"column":50}}},"6":{"name":"(anonymous_6)","line":26,"loc":{"start":{"line":26,"column":42},"end":{"line":26,"column":60}}},"7":{"name":"(anonymous_7)","line":31,"loc":{"start":{"line":31,"column":37},"end":{"line":31,"column":53}}},"8":{"name":"(anonymous_8)","line":35,"loc":{"start":{"line":35,"column":35},"end":{"line":35,"column":49}}},"9":{"name":"(anonymous_9)","line":39,"loc":{"start":{"line":39,"column":35},"end":{"line":39,"column":47}}},"10":{"name":"(anonymous_10)","line":66,"loc":{"start":{"line":66,"column":20},"end":{"line":66,"column":54}}},"11":{"name":"(anonymous_11)","line":84,"loc":{"start":{"line":84,"column":11},"end":{"line":84,"column":32}}}},"statementMap":{"1":{"start":{"line":3,"column":0},"end":{"line":92,"column":4}},"2":{"start":{"line":4,"column":4},"end":{"line":86,"column":6}},"3":{"start":{"line":15,"column":8},"end":{"line":17,"column":11}},"4":{"start":{"line":16,"column":12},"end":{"line":16,"column":64}},"5":{"start":{"line":19,"column":8},"end":{"line":63,"column":11}},"6":{"start":{"line":20,"column":12},"end":{"line":20,"column":43}},"7":{"start":{"line":22,"column":12},"end":{"line":24,"column":15}},"8":{"start":{"line":23,"column":16},"end":{"line":23,"column":55}},"9":{"start":{"line":26,"column":12},"end":{"line":62,"column":15}},"10":{"start":{"line":28,"column":16},"end":{"line":28,"column":51}},"11":{"start":{"line":29,"column":16},"end":{"line":29,"column":37}},"12":{"start":{"line":31,"column":16},"end":{"line":33,"column":19}},"13":{"start":{"line":32,"column":20},"end":{"line":32,"column":59}},"14":{"start":{"line":35,"column":16},"end":{"line":37,"column":19}},"15":{"start":{"line":36,"column":20},"end":{"line":36,"column":60}},"16":{"start":{"line":39,"column":16},"end":{"line":60,"column":19}},"17":{"start":{"line":40,"column":20},"end":{"line":59,"column":21}},"18":{"start":{"line":41,"column":24},"end":{"line":41,"column":39}},"19":{"start":{"line":42,"column":24},"end":{"line":42,"column":41}},"20":{"start":{"line":43,"column":24},"end":{"line":43,"column":54}},"21":{"start":{"line":44,"column":24},"end":{"line":50,"column":25}},"22":{"start":{"line":45,"column":28},"end":{"line":49,"column":29}},"23":{"start":{"line":46,"column":32},"end":{"line":46,"column":53}},"24":{"start":{"line":47,"column":32},"end":{"line":47,"column":117}},"25":{"start":{"line":48,"column":32},"end":{"line":48,"column":38}},"26":{"start":{"line":52,"column":24},"end":{"line":55,"column":25}},"27":{"start":{"line":53,"column":28},"end":{"line":53,"column":51}},"28":{"start":{"line":54,"column":28},"end":{"line":54,"column":40}},"29":{"start":{"line":58,"column":24},"end":{"line":58,"column":39}},"30":{"start":{"line":67,"column":8},"end":{"line":67,"column":98}},"31":{"start":{"line":69,"column":8},"end":{"line":81,"column":9}},"32":{"start":{"line":70,"column":12},"end":{"line":70,"column":43}},"33":{"start":{"line":71,"column":12},"end":{"line":80,"column":13}},"34":{"start":{"line":73,"column":16},"end":{"line":79,"column":17}},"35":{"start":{"line":74,"column":20},"end":{"line":74,"column":110}},"36":{"start":{"line":78,"column":20},"end":{"line":78,"column":35}},"37":{"start":{"line":85,"column":8},"end":{"line":85,"column":33}},"38":{"start":{"line":88,"column":4},"end":{"line":91,"column":6}},"39":{"start":{"line":93,"column":0},"end":{"line":93,"column":30}}},"branchMap":{"1":{"line":45,"type":"if","locations":[{"start":{"line":45,"column":28},"end":{"line":45,"column":28}},{"start":{"line":45,"column":28},"end":{"line":45,"column":28}}]},"2":{"line":52,"type":"if","locations":[{"start":{"line":52,"column":24},"end":{"line":52,"column":24}},{"start":{"line":52,"column":24},"end":{"line":52,"column":24}}]},"3":{"line":69,"type":"if","locations":[{"start":{"line":69,"column":8},"end":{"line":69,"column":8}},{"start":{"line":69,"column":8},"end":{"line":69,"column":8}}]}}}}