TN:
SF:C:\Users\IBM_ADMIN\Documents\Miguel\GameHouse\gamehouseShoppingList\gamehouse\modules\cart.js
FN:10,cart
FN:27,(anonymous_2)
FN:43,(anonymous_3)
FN:58,(anonymous_4)
FN:63,(anonymous_5)
FN:70,do_product
FN:74,(anonymous_7)
FN:81,do_add
FN:89,(anonymous_9)
FN:115,(anonymous_10)
FN:121,(anonymous_11)
FN:137,(anonymous_12)
FN:141,(anonymous_13)
FN:157,(anonymous_14)
FN:167,(anonymous_15)
FN:176,(anonymous_16)
FN:181,(anonymous_17)
FN:187,(anonymous_18)
FN:201,(anonymous_19)
FN:204,(anonymous_20)
FN:205,(anonymous_21)
FN:217,(anonymous_22)
FN:219,(anonymous_23)
FN:221,(anonymous_24)
FN:225,(anonymous_25)
FN:235,(anonymous_26)
FN:243,(anonymous_27)
FN:256,(anonymous_28)
FN:287,(anonymous_29)
FNF:29
FNH:15
FNDA:1,cart
FNDA:2,(anonymous_2)
FNDA:2,(anonymous_3)
FNDA:1,(anonymous_4)
FNDA:1,(anonymous_5)
FNDA:1,do_product
FNDA:1,(anonymous_7)
FNDA:1,do_add
FNDA:1,(anonymous_9)
FNDA:1,(anonymous_10)
FNDA:1,(anonymous_11)
FNDA:2,(anonymous_12)
FNDA:0,(anonymous_13)
FNDA:1,(anonymous_14)
FNDA:2,(anonymous_15)
FNDA:0,(anonymous_16)
FNDA:0,(anonymous_17)
FNDA:0,(anonymous_18)
FNDA:0,(anonymous_19)
FNDA:0,(anonymous_20)
FNDA:0,(anonymous_21)
FNDA:0,(anonymous_22)
FNDA:0,(anonymous_23)
FNDA:0,(anonymous_24)
FNDA:0,(anonymous_25)
FNDA:0,(anonymous_26)
FNDA:0,(anonymous_27)
FNDA:0,(anonymous_28)
FNDA:1,(anonymous_29)
DA:4,1
DA:5,1
DA:6,1
DA:8,1
DA:10,1
DA:11,1
DA:13,1
DA:19,1
DA:20,1
DA:22,1
DA:23,1
DA:27,1
DA:28,2
DA:30,2
DA:31,2
DA:32,2
DA:33,2
DA:34,2
DA:35,2
DA:36,0
DA:43,2
DA:44,2
DA:45,2
DA:46,2
DA:55,1
DA:59,1
DA:61,1
DA:62,1
DA:63,1
DA:64,1
DA:65,1
DA:68,0
DA:70,1
DA:71,1
DA:73,1
DA:74,1
DA:75,1
DA:76,1
DA:79,0
DA:81,1
DA:82,1
DA:85,1
DA:86,1
DA:89,1
DA:90,1
DA:94,1
DA:95,1
DA:98,1
DA:99,1
DA:101,1
DA:102,1
DA:105,1
DA:107,1
DA:115,1
DA:116,1
DA:118,1
DA:120,1
DA:121,1
DA:122,1
DA:123,1
DA:124,1
DA:126,0
DA:129,1
DA:132,1
DA:134,1
DA:137,1
DA:138,2
DA:139,2
DA:141,2
DA:142,0
DA:143,0
DA:145,0
DA:146,0
DA:148,0
DA:149,0
DA:152,0
DA:156,2
DA:157,2
DA:158,1
DA:159,1
DA:162,2
DA:164,2
DA:166,2
DA:167,2
DA:168,2
DA:169,2
DA:176,1
DA:177,0
DA:178,0
DA:180,0
DA:181,0
DA:182,0
DA:183,0
DA:186,0
DA:187,0
DA:188,0
DA:189,0
DA:191,0
DA:195,0
DA:201,1
DA:202,0
DA:203,0
DA:204,0
DA:205,0
DA:206,0
DA:207,0
DA:209,0
DA:211,0
DA:217,1
DA:218,0
DA:219,0
DA:221,0
DA:222,0
DA:223,0
DA:225,0
DA:226,0
DA:234,1
DA:235,0
DA:236,0
DA:238,0
DA:240,0
DA:241,0
DA:242,0
DA:243,0
DA:244,0
DA:245,0
DA:248,0
DA:251,0
DA:252,0
DA:255,0
DA:256,0
DA:257,0
DA:258,0
DA:265,1
DA:275,1
DA:287,1
DA:288,1
DA:293,1
DA:296,1
LF:139
LH:85
BRDA:35,1,0,0
BRDA:35,1,1,2
BRDA:44,2,0,0
BRDA:44,2,1,2
BRDA:62,3,0,1
BRDA:62,3,1,0
BRDA:64,4,0,0
BRDA:64,4,1,1
BRDA:73,5,0,1
BRDA:73,5,1,0
BRDA:75,6,0,0
BRDA:75,6,1,1
BRDA:122,7,0,1
BRDA:122,7,1,0
BRDA:142,8,0,0
BRDA:142,8,1,0
BRDA:142,9,0,0
BRDA:142,9,1,0
BRDA:145,10,0,0
BRDA:145,10,1,0
BRDA:148,11,0,0
BRDA:148,11,1,0
BRDA:158,12,0,1
BRDA:158,12,1,0
BRDA:168,13,0,0
BRDA:168,13,1,2
BRDA:180,14,0,0
BRDA:180,14,1,0
BRDA:182,15,0,0
BRDA:182,15,1,0
BRDA:186,16,0,0
BRDA:186,16,1,0
BRDA:188,17,0,0
BRDA:188,17,1,0
BRDA:206,18,0,0
BRDA:206,18,1,0
BRDA:222,19,0,0
BRDA:222,19,1,0
BRDA:234,20,0,0
BRDA:234,20,1,1
BRDA:242,21,0,0
BRDA:242,21,1,0
BRDA:244,22,0,0
BRDA:244,22,1,0
BRDA:279,23,0,1
BRDA:279,23,1,0
BRDA:280,24,0,1
BRDA:280,24,1,0
BRDA:283,25,0,0
BRDA:283,25,1,1
BRF:50
BRH:13
end_of_record
TN:
SF:C:\Users\IBM_ADMIN\Documents\Miguel\GameHouse\gamehouseShoppingList\gamehouse\socketServer.js
FN:3,(anonymous_1)
FN:14,(anonymous_2)
FN:15,(anonymous_3)
FN:19,(anonymous_4)
FN:22,(anonymous_5)
FN:26,(anonymous_6)
FN:31,(anonymous_7)
FN:35,(anonymous_8)
FN:39,(anonymous_9)
FN:66,(anonymous_10)
FN:84,(anonymous_11)
FNF:11
FNH:2
FNDA:1,(anonymous_1)
FNDA:0,(anonymous_2)
FNDA:0,(anonymous_3)
FNDA:0,(anonymous_4)
FNDA:0,(anonymous_5)
FNDA:0,(anonymous_6)
FNDA:0,(anonymous_7)
FNDA:0,(anonymous_8)
FNDA:0,(anonymous_9)
FNDA:2,(anonymous_10)
FNDA:0,(anonymous_11)
DA:3,1
DA:4,1
DA:15,0
DA:16,0
DA:19,0
DA:20,0
DA:22,0
DA:23,0
DA:26,0
DA:28,0
DA:29,0
DA:31,0
DA:32,0
DA:35,0
DA:36,0
DA:39,0
DA:40,0
DA:41,0
DA:42,0
DA:43,0
DA:44,0
DA:45,0
DA:46,0
DA:47,0
DA:48,0
DA:52,0
DA:53,0
DA:54,0
DA:58,0
DA:67,2
DA:69,2
DA:70,0
DA:71,0
DA:73,0
DA:74,0
DA:78,0
DA:85,0
DA:88,1
DA:93,1
LF:39
LH:6
BRDA:45,1,0,0
BRDA:45,1,1,0
BRDA:52,2,0,0
BRDA:52,2,1,0
BRDA:69,3,0,0
BRDA:69,3,1,2
BRF:6
BRH:1
end_of_record
